<?xml version="1.0" encoding="UTF-8"?>
<testsuites name="OrderSearch" time="110.421" tests="2" failures="0" skips="0" errors="2">
   <testsuite name="OrderSearch" tests="2" failures="0" errors="2" time="110.421" skips="0" timestamp="2021-04-02 19:27:41" hostname="achaudhari - LTPC0ECUC3.corp.hsdyn.com" id="Test Suites/OrderSearch">
      <properties>
         <property name="deviceName" value=""/>
         <property name="devicePlatform" value=""/>
         <property name="logFolder" value="E:\\DEVOPS\\Georgia Pacific - Recycling Portal\\GP_Testing\\Reports\\20210402_192735\\OrderSearch\\20210402_192737"/>
         <property name="logFiles" value="E:\\DEVOPS\\Georgia Pacific - Recycling Portal\\GP_Testing\\Reports\\20210402_192735\\OrderSearch\\20210402_192737\\execution0.log"/>
         <property name="attachments" value=""/>
         <property name="hostName" value="achaudhari - LTPC0ECUC3.corp.hsdyn.com"/>
         <property name="os" value="Windows 10 64bit"/>
         <property name="katalonVersion" value="7.9.1.208"/>
         <property name="browser" value="Chrome 89.0.4389.90"/>
         <property name="hostAddress" value="192.168.1.5"/>
         <property name="sessionId" value="274b108cd3dec2b3591831ba19958642"/>
         <property name="seleniumVersion" value="3.141.59"/>
         <property name="proxyInformation" value="ProxyInformation { proxyOption=NO_PROXY, proxyServerType=HTTP, username=, password=********, proxyServerAddress=, proxyServerPort=0, executionList=&quot;&quot;, isApplyToDesiredCapabilities=true }"/>
         <property name="platform" value="Windows 10"/>
      </properties>
      <testcase name="Test Cases/OrderSearch" time="53.35" classname="Test Cases/OrderSearch" status="ERROR">
         <error type="ERROR" message="Test Cases/OrderSearch FAILED.
Reason:
groovy.lang.MissingMethodException: No signature of method: static com.kms.katalon.core.webui.keyword.WebUiBuiltInKeywords.click() is applicable for argument types: (java.lang.Boolean) values: [false]
Possible solutions: click(com.kms.katalon.core.testobject.TestObject), click(com.kms.katalon.core.testobject.TestObject, com.kms.katalon.core.model.FailureHandling), check(com.kms.katalon.core.testobject.TestObject), back(), back(com.kms.katalon.core.model.FailureHandling), check(com.kms.katalon.core.testobject.TestObject, com.kms.katalon.core.model.FailureHandling)
	at OrderSearch.run(OrderSearch:26)
	at com.kms.katalon.core.main.ScriptEngine.run(ScriptEngine.java:194)
	at com.kms.katalon.core.main.ScriptEngine.runScriptAsRawText(ScriptEngine.java:119)
	at com.kms.katalon.core.main.TestCaseExecutor.runScript(TestCaseExecutor.java:398)
	at com.kms.katalon.core.main.TestCaseExecutor.doExecute(TestCaseExecutor.java:389)
	at com.kms.katalon.core.main.TestCaseExecutor.processExecutionPhase(TestCaseExecutor.java:368)
	at com.kms.katalon.core.main.TestCaseExecutor.accessMainPhase(TestCaseExecutor.java:360)
	at com.kms.katalon.core.main.TestCaseExecutor.execute(TestCaseExecutor.java:255)
	at com.kms.katalon.core.main.TestSuiteExecutor.accessTestCaseMainPhase(TestSuiteExecutor.java:203)
	at com.kms.katalon.core.main.TestSuiteExecutor.accessTestSuiteMainPhase(TestSuiteExecutor.java:152)
	at com.kms.katalon.core.main.TestSuiteExecutor.execute(TestSuiteExecutor.java:95)
	at com.kms.katalon.core.main.TestCaseMain.startTestSuite(TestCaseMain.java:157)
	at com.kms.katalon.core.main.TestCaseMain$startTestSuite$0.call(Unknown Source)
	at TempTestSuite1617371857442.run(TempTestSuite1617371857442.groovy:39)
"/>
         <system-out><![CDATA[2021-04-02 19:27:44 - [TEST_CASE][ERROR] - Test Cases/OrderSearch: Test Cases/OrderSearch FAILED.
Reason:
groovy.lang.MissingMethodException: No signature of method: static com.kms.katalon.core.webui.keyword.WebUiBuiltInKeywords.click() is applicable for argument types: (java.lang.Boolean) values: [false]
Possible solutions: click(com.kms.katalon.core.testobject.TestObject), click(com.kms.katalon.core.testobject.TestObject, com.kms.katalon.core.model.FailureHandling), check(com.kms.katalon.core.testobject.TestObject), back(), back(com.kms.katalon.core.model.FailureHandling), check(com.kms.katalon.core.testobject.TestObject, com.kms.katalon.core.model.FailureHandling)
	at OrderSearch.run(OrderSearch:26)
	at com.kms.katalon.core.main.ScriptEngine.run(ScriptEngine.java:194)
	at com.kms.katalon.core.main.ScriptEngine.runScriptAsRawText(ScriptEngine.java:119)
	at com.kms.katalon.core.main.TestCaseExecutor.runScript(TestCaseExecutor.java:398)
	at com.kms.katalon.core.main.TestCaseExecutor.doExecute(TestCaseExecutor.java:389)
	at com.kms.katalon.core.main.TestCaseExecutor.processExecutionPhase(TestCaseExecutor.java:368)
	at com.kms.katalon.core.main.TestCaseExecutor.accessMainPhase(TestCaseExecutor.java:360)
	at com.kms.katalon.core.main.TestCaseExecutor.execute(TestCaseExecutor.java:255)
	at com.kms.katalon.core.main.TestSuiteExecutor.accessTestCaseMainPhase(TestSuiteExecutor.java:203)
	at com.kms.katalon.core.main.TestSuiteExecutor.accessTestSuiteMainPhase(TestSuiteExecutor.java:152)
	at com.kms.katalon.core.main.TestSuiteExecutor.execute(TestSuiteExecutor.java:95)
	at com.kms.katalon.core.main.TestCaseMain.startTestSuite(TestCaseMain.java:157)
	at com.kms.katalon.core.main.TestCaseMain$startTestSuite$0.call(Unknown Source)
	at TempTestSuite1617371857442.run(TempTestSuite1617371857442.groovy:39)


2021-04-02 19:27:45 - [TEST_STEP][PASSED] - openBrowser(""): Browser is opened with url: ''

2021-04-02 19:27:45 - [MESSAGE][INFO] - Starting 'Chrome (headless)' driver

2021-04-02 19:27:45 - [MESSAGE][INFO] - Action delay is set to 0 milliseconds

2021-04-02 19:27:48 - [MESSAGE][PASSED] - Browser is opened with url: ''

2021-04-02 19:27:48 - [TEST_STEP][PASSED] - navigateToUrl("https://dev-recycling-portal.azurewebsites.net/account/singlesignon?logintoken=pals.wadhe@gmail.com"): Navigate to 'https://dev-recycling-portal.azurewebsites.net/account/singlesignon?logintoken=pals.wadhe@gmail.com' successfully

2021-04-02 19:28:07 - [MESSAGE][PASSED] - Navigate to 'https://dev-recycling-portal.azurewebsites.net/account/singlesignon?logintoken=pals.wadhe@gmail.com' successfully

2021-04-02 19:28:07 - [TEST_STEP][PASSED] - click(findTestObject("Object Repository/OrderSearch/Page_My Account - GP Recycling/a_I Agree")): Object: 'Object Repository/OrderSearch/Page_My Account - GP Recycling/a_I Agree' is clicked on

2021-04-02 19:28:07 - [MESSAGE][PASSED] - Object: 'Object Repository/OrderSearch/Page_My Account - GP Recycling/a_I Agree' is clicked on

2021-04-02 19:28:07 - [TEST_STEP][PASSED] - click(waitForElementVisible(findTestObject("OrderSearch/Page_My Account - GP Recycling/Page_My Account - GP Recycling/a_Orders"), 30)): Object 'Object Repository/OrderSearch/Page_My Account - GP Recycling/Page_My Account - GP Recycling/a_Orders' is not visible after 30 second(s)

2021-04-02 19:28:38 - [MESSAGE][WARNING] - Object 'Object Repository/OrderSearch/Page_My Account - GP Recycling/Page_My Account - GP Recycling/a_Orders' is not visible after 30 second(s)]]></system-out>
         <system-err><![CDATA[2021-04-02 19:27:44 - [TEST_CASE][ERROR] - Test Cases/OrderSearch: Test Cases/OrderSearch FAILED.
Reason:
groovy.lang.MissingMethodException: No signature of method: static com.kms.katalon.core.webui.keyword.WebUiBuiltInKeywords.click() is applicable for argument types: (java.lang.Boolean) values: [false]
Possible solutions: click(com.kms.katalon.core.testobject.TestObject), click(com.kms.katalon.core.testobject.TestObject, com.kms.katalon.core.model.FailureHandling), check(com.kms.katalon.core.testobject.TestObject), back(), back(com.kms.katalon.core.model.FailureHandling), check(com.kms.katalon.core.testobject.TestObject, com.kms.katalon.core.model.FailureHandling)
	at OrderSearch.run(OrderSearch:26)
	at com.kms.katalon.core.main.ScriptEngine.run(ScriptEngine.java:194)
	at com.kms.katalon.core.main.ScriptEngine.runScriptAsRawText(ScriptEngine.java:119)
	at com.kms.katalon.core.main.TestCaseExecutor.runScript(TestCaseExecutor.java:398)
	at com.kms.katalon.core.main.TestCaseExecutor.doExecute(TestCaseExecutor.java:389)
	at com.kms.katalon.core.main.TestCaseExecutor.processExecutionPhase(TestCaseExecutor.java:368)
	at com.kms.katalon.core.main.TestCaseExecutor.accessMainPhase(TestCaseExecutor.java:360)
	at com.kms.katalon.core.main.TestCaseExecutor.execute(TestCaseExecutor.java:255)
	at com.kms.katalon.core.main.TestSuiteExecutor.accessTestCaseMainPhase(TestSuiteExecutor.java:203)
	at com.kms.katalon.core.main.TestSuiteExecutor.accessTestSuiteMainPhase(TestSuiteExecutor.java:152)
	at com.kms.katalon.core.main.TestSuiteExecutor.execute(TestSuiteExecutor.java:95)
	at com.kms.katalon.core.main.TestCaseMain.startTestSuite(TestCaseMain.java:157)
	at com.kms.katalon.core.main.TestCaseMain$startTestSuite$0.call(Unknown Source)
	at TempTestSuite1617371857442.run(TempTestSuite1617371857442.groovy:39)]]></system-err>
      </testcase>
      <testcase name="Test Cases/OrderSearch" time="52.297" classname="Test Cases/OrderSearch" status="ERROR">
         <error type="ERROR" message="Test Cases/OrderSearch FAILED.
Reason:
groovy.lang.MissingMethodException: No signature of method: static com.kms.katalon.core.webui.keyword.WebUiBuiltInKeywords.click() is applicable for argument types: (java.lang.Boolean) values: [false]
Possible solutions: click(com.kms.katalon.core.testobject.TestObject), click(com.kms.katalon.core.testobject.TestObject, com.kms.katalon.core.model.FailureHandling), check(com.kms.katalon.core.testobject.TestObject), back(), back(com.kms.katalon.core.model.FailureHandling), check(com.kms.katalon.core.testobject.TestObject, com.kms.katalon.core.model.FailureHandling)
	at OrderSearch.run(OrderSearch:26)
	at com.kms.katalon.core.main.ScriptEngine.run(ScriptEngine.java:194)
	at com.kms.katalon.core.main.ScriptEngine.runScriptAsRawText(ScriptEngine.java:119)
	at com.kms.katalon.core.main.TestCaseExecutor.runScript(TestCaseExecutor.java:398)
	at com.kms.katalon.core.main.TestCaseExecutor.doExecute(TestCaseExecutor.java:389)
	at com.kms.katalon.core.main.TestCaseExecutor.processExecutionPhase(TestCaseExecutor.java:368)
	at com.kms.katalon.core.main.TestCaseExecutor.accessMainPhase(TestCaseExecutor.java:360)
	at com.kms.katalon.core.main.TestCaseExecutor.execute(TestCaseExecutor.java:255)
	at com.kms.katalon.core.main.TestSuiteExecutor.accessTestCaseMainPhase(TestSuiteExecutor.java:203)
	at com.kms.katalon.core.main.TestSuiteExecutor.accessTestSuiteMainPhase(TestSuiteExecutor.java:152)
	at com.kms.katalon.core.main.TestSuiteExecutor.execute(TestSuiteExecutor.java:95)
	at com.kms.katalon.core.main.TestCaseMain.startTestSuite(TestCaseMain.java:157)
	at com.kms.katalon.core.main.TestCaseMain$startTestSuite$0.call(Unknown Source)
	at TempTestSuite1617371857442.run(TempTestSuite1617371857442.groovy:39)
"/>
         <system-out><![CDATA[2021-04-02 19:28:38 - [TEST_CASE][ERROR] - Test Cases/OrderSearch: Test Cases/OrderSearch FAILED.
Reason:
groovy.lang.MissingMethodException: No signature of method: static com.kms.katalon.core.webui.keyword.WebUiBuiltInKeywords.click() is applicable for argument types: (java.lang.Boolean) values: [false]
Possible solutions: click(com.kms.katalon.core.testobject.TestObject), click(com.kms.katalon.core.testobject.TestObject, com.kms.katalon.core.model.FailureHandling), check(com.kms.katalon.core.testobject.TestObject), back(), back(com.kms.katalon.core.model.FailureHandling), check(com.kms.katalon.core.testobject.TestObject, com.kms.katalon.core.model.FailureHandling)
	at OrderSearch.run(OrderSearch:26)
	at com.kms.katalon.core.main.ScriptEngine.run(ScriptEngine.java:194)
	at com.kms.katalon.core.main.ScriptEngine.runScriptAsRawText(ScriptEngine.java:119)
	at com.kms.katalon.core.main.TestCaseExecutor.runScript(TestCaseExecutor.java:398)
	at com.kms.katalon.core.main.TestCaseExecutor.doExecute(TestCaseExecutor.java:389)
	at com.kms.katalon.core.main.TestCaseExecutor.processExecutionPhase(TestCaseExecutor.java:368)
	at com.kms.katalon.core.main.TestCaseExecutor.accessMainPhase(TestCaseExecutor.java:360)
	at com.kms.katalon.core.main.TestCaseExecutor.execute(TestCaseExecutor.java:255)
	at com.kms.katalon.core.main.TestSuiteExecutor.accessTestCaseMainPhase(TestSuiteExecutor.java:203)
	at com.kms.katalon.core.main.TestSuiteExecutor.accessTestSuiteMainPhase(TestSuiteExecutor.java:152)
	at com.kms.katalon.core.main.TestSuiteExecutor.execute(TestSuiteExecutor.java:95)
	at com.kms.katalon.core.main.TestCaseMain.startTestSuite(TestCaseMain.java:157)
	at com.kms.katalon.core.main.TestCaseMain$startTestSuite$0.call(Unknown Source)
	at TempTestSuite1617371857442.run(TempTestSuite1617371857442.groovy:39)


2021-04-02 19:28:38 - [TEST_STEP][PASSED] - openBrowser(""): Browser is opened with url: ''

2021-04-02 19:28:38 - [MESSAGE][WARNING] - A browser is already opened. Closing browser and opening a new one

2021-04-02 19:28:38 - [MESSAGE][INFO] - Starting 'Chrome (headless)' driver

2021-04-02 19:28:38 - [MESSAGE][INFO] - Action delay is set to 0 milliseconds

2021-04-02 19:28:40 - [MESSAGE][PASSED] - Browser is opened with url: ''

2021-04-02 19:28:40 - [TEST_STEP][PASSED] - navigateToUrl("https://dev-recycling-portal.azurewebsites.net/account/singlesignon?logintoken=pals.wadhe@gmail.com"): Navigate to 'https://dev-recycling-portal.azurewebsites.net/account/singlesignon?logintoken=pals.wadhe@gmail.com' successfully

2021-04-02 19:28:59 - [MESSAGE][PASSED] - Navigate to 'https://dev-recycling-portal.azurewebsites.net/account/singlesignon?logintoken=pals.wadhe@gmail.com' successfully

2021-04-02 19:28:59 - [TEST_STEP][PASSED] - click(findTestObject("Object Repository/OrderSearch/Page_My Account - GP Recycling/a_I Agree")): Object: 'Object Repository/OrderSearch/Page_My Account - GP Recycling/a_I Agree' is clicked on

2021-04-02 19:28:59 - [MESSAGE][PASSED] - Object: 'Object Repository/OrderSearch/Page_My Account - GP Recycling/a_I Agree' is clicked on

2021-04-02 19:28:59 - [TEST_STEP][PASSED] - click(waitForElementVisible(findTestObject("OrderSearch/Page_My Account - GP Recycling/Page_My Account - GP Recycling/a_Orders"), 30)): Object 'Object Repository/OrderSearch/Page_My Account - GP Recycling/Page_My Account - GP Recycling/a_Orders' is not visible after 30 second(s)

2021-04-02 19:29:30 - [MESSAGE][WARNING] - Object 'Object Repository/OrderSearch/Page_My Account - GP Recycling/Page_My Account - GP Recycling/a_Orders' is not visible after 30 second(s)]]></system-out>
         <system-err><![CDATA[2021-04-02 19:28:38 - [TEST_CASE][ERROR] - Test Cases/OrderSearch: Test Cases/OrderSearch FAILED.
Reason:
groovy.lang.MissingMethodException: No signature of method: static com.kms.katalon.core.webui.keyword.WebUiBuiltInKeywords.click() is applicable for argument types: (java.lang.Boolean) values: [false]
Possible solutions: click(com.kms.katalon.core.testobject.TestObject), click(com.kms.katalon.core.testobject.TestObject, com.kms.katalon.core.model.FailureHandling), check(com.kms.katalon.core.testobject.TestObject), back(), back(com.kms.katalon.core.model.FailureHandling), check(com.kms.katalon.core.testobject.TestObject, com.kms.katalon.core.model.FailureHandling)
	at OrderSearch.run(OrderSearch:26)
	at com.kms.katalon.core.main.ScriptEngine.run(ScriptEngine.java:194)
	at com.kms.katalon.core.main.ScriptEngine.runScriptAsRawText(ScriptEngine.java:119)
	at com.kms.katalon.core.main.TestCaseExecutor.runScript(TestCaseExecutor.java:398)
	at com.kms.katalon.core.main.TestCaseExecutor.doExecute(TestCaseExecutor.java:389)
	at com.kms.katalon.core.main.TestCaseExecutor.processExecutionPhase(TestCaseExecutor.java:368)
	at com.kms.katalon.core.main.TestCaseExecutor.accessMainPhase(TestCaseExecutor.java:360)
	at com.kms.katalon.core.main.TestCaseExecutor.execute(TestCaseExecutor.java:255)
	at com.kms.katalon.core.main.TestSuiteExecutor.accessTestCaseMainPhase(TestSuiteExecutor.java:203)
	at com.kms.katalon.core.main.TestSuiteExecutor.accessTestSuiteMainPhase(TestSuiteExecutor.java:152)
	at com.kms.katalon.core.main.TestSuiteExecutor.execute(TestSuiteExecutor.java:95)
	at com.kms.katalon.core.main.TestCaseMain.startTestSuite(TestCaseMain.java:157)
	at com.kms.katalon.core.main.TestCaseMain$startTestSuite$0.call(Unknown Source)
	at TempTestSuite1617371857442.run(TempTestSuite1617371857442.groovy:39)]]></system-err>
      </testcase>
      <system-out><![CDATA[2021-04-02 19:27:41 - [TEST_SUITE][ERROR] - OrderSearch: Test Cases/OrderSearch FAILED.
Reason:
groovy.lang.MissingMethodException: No signature of method: static com.kms.katalon.core.webui.keyword.WebUiBuiltInKeywords.click() is applicable for argument types: (java.lang.Boolean) values: [false]
Possible solutions: click(com.kms.katalon.core.testobject.TestObject), click(com.kms.katalon.core.testobject.TestObject, com.kms.katalon.core.model.FailureHandling), check(com.kms.katalon.core.testobject.TestObject), back(), back(com.kms.katalon.core.model.FailureHandling), check(com.kms.katalon.core.testobject.TestObject, com.kms.katalon.core.model.FailureHandling)
	at OrderSearch.run(OrderSearch:26)
	at com.kms.katalon.core.main.ScriptEngine.run(ScriptEngine.java:194)
	at com.kms.katalon.core.main.ScriptEngine.runScriptAsRawText(ScriptEngine.java:119)
	at com.kms.katalon.core.main.TestCaseExecutor.runScript(TestCaseExecutor.java:398)
	at com.kms.katalon.core.main.TestCaseExecutor.doExecute(TestCaseExecutor.java:389)
	at com.kms.katalon.core.main.TestCaseExecutor.processExecutionPhase(TestCaseExecutor.java:368)
	at com.kms.katalon.core.main.TestCaseExecutor.accessMainPhase(TestCaseExecutor.java:360)
	at com.kms.katalon.core.main.TestCaseExecutor.execute(TestCaseExecutor.java:255)
	at com.kms.katalon.core.main.TestSuiteExecutor.accessTestCaseMainPhase(TestSuiteExecutor.java:203)
	at com.kms.katalon.core.main.TestSuiteExecutor.accessTestSuiteMainPhase(TestSuiteExecutor.java:152)
	at com.kms.katalon.core.main.TestSuiteExecutor.execute(TestSuiteExecutor.java:95)
	at com.kms.katalon.core.main.TestCaseMain.startTestSuite(TestCaseMain.java:157)
	at com.kms.katalon.core.main.TestCaseMain$startTestSuite$0.call(Unknown Source)
	at TempTestSuite1617371857442.run(TempTestSuite1617371857442.groovy:39)]]></system-out>
      <system-err><![CDATA[2021-04-02 19:27:41 - [TEST_SUITE][ERROR] - OrderSearch: Test Cases/OrderSearch FAILED.
Reason:
groovy.lang.MissingMethodException: No signature of method: static com.kms.katalon.core.webui.keyword.WebUiBuiltInKeywords.click() is applicable for argument types: (java.lang.Boolean) values: [false]
Possible solutions: click(com.kms.katalon.core.testobject.TestObject), click(com.kms.katalon.core.testobject.TestObject, com.kms.katalon.core.model.FailureHandling), check(com.kms.katalon.core.testobject.TestObject), back(), back(com.kms.katalon.core.model.FailureHandling), check(com.kms.katalon.core.testobject.TestObject, com.kms.katalon.core.model.FailureHandling)
	at OrderSearch.run(OrderSearch:26)
	at com.kms.katalon.core.main.ScriptEngine.run(ScriptEngine.java:194)
	at com.kms.katalon.core.main.ScriptEngine.runScriptAsRawText(ScriptEngine.java:119)
	at com.kms.katalon.core.main.TestCaseExecutor.runScript(TestCaseExecutor.java:398)
	at com.kms.katalon.core.main.TestCaseExecutor.doExecute(TestCaseExecutor.java:389)
	at com.kms.katalon.core.main.TestCaseExecutor.processExecutionPhase(TestCaseExecutor.java:368)
	at com.kms.katalon.core.main.TestCaseExecutor.accessMainPhase(TestCaseExecutor.java:360)
	at com.kms.katalon.core.main.TestCaseExecutor.execute(TestCaseExecutor.java:255)
	at com.kms.katalon.core.main.TestSuiteExecutor.accessTestCaseMainPhase(TestSuiteExecutor.java:203)
	at com.kms.katalon.core.main.TestSuiteExecutor.accessTestSuiteMainPhase(TestSuiteExecutor.java:152)
	at com.kms.katalon.core.main.TestSuiteExecutor.execute(TestSuiteExecutor.java:95)
	at com.kms.katalon.core.main.TestCaseMain.startTestSuite(TestCaseMain.java:157)
	at com.kms.katalon.core.main.TestCaseMain$startTestSuite$0.call(Unknown Source)
	at TempTestSuite1617371857442.run(TempTestSuite1617371857442.groovy:39)]]></system-err>
   </testsuite>
</testsuites>
